18:22:10.670 [main] INFO  com.company.step_definitions.Hook - Launching browser chrome-headless
18:22:16.446 [main] INFO  com.company.step_definitions.Hook - browser closed
18:27:57.792 [main] INFO  com.company.step_definitions.Hook - Launching browser chrome-headless
18:28:01.213 [main] INFO  com.company.step_definitions.Hook - browser closed
18:29:24.680 [main] INFO  com.company.step_definitions.Hook - Launching browser chrome
18:29:28.348 [main] INFO  com.company.step_definitions.Hook - browser closed
18:31:51.826 [main] INFO  com.company.step_definitions.Hook - Launching browser chrome
18:31:57.273 [main] INFO  com.company.step_definitions.Hook - browser closed
18:35:59.874 [main] INFO  com.company.step_definitions.Hook - Launching browser chrome
18:36:05.137 [main] INFO  com.company.step_definitions.Hook - browser closed
18:36:29.850 [main] INFO  com.company.step_definitions.Hook - Launching browser chrome-headless
18:36:37.211 [main] INFO  com.company.step_definitions.Hook - browser closed
18:36:54.536 [main] INFO  com.company.step_definitions.Hook - Launching browser chrome-headless
18:37:00.134 [main] INFO  com.company.step_definitions.Hook - browser closed
18:38:21.198 [main] INFO  com.company.step_definitions.Hook - Launching browser chrome
18:38:27.171 [main] INFO  com.company.step_definitions.Hook - browser closed
18:40:24.649 [main] INFO  com.company.step_definitions.Hook - Launching browser chrome
18:40:29.110 [main] INFO  com.company.step_definitions.Hook - browser closed
18:40:58.965 [main] INFO  com.company.step_definitions.Hook - Launching browser chrome
18:41:04.930 [main] INFO  com.company.step_definitions.Hook - browser closed
18:43:15.963 [main] INFO  com.company.step_definitions.Hook - Launching browser chrome
18:43:21.955 [main] INFO  com.company.step_definitions.Hook - browser closed
18:43:53.202 [main] INFO  com.company.step_definitions.Hook - Launching browser chrome
18:43:59.078 [main] INFO  com.company.step_definitions.Hook - browser closed
18:48:34.491 [main] INFO  com.company.step_definitions.Hook - Launching browser chrome
18:48:40.011 [main] INFO  com.company.step_definitions.Hook - browser closed
18:50:12.995 [main] INFO  com.company.step_definitions.Hook - Launching browser chrome
18:50:19.117 [main] INFO  com.company.step_definitions.Hook - browser closed
18:55:32.941 [main] INFO  com.company.step_definitions.Hook - Launching browser chrome
18:55:38.866 [main] INFO  com.company.step_definitions.Hook - browser closed
18:56:30.190 [main] INFO  com.company.step_definitions.Hook - Launching browser chrome
18:56:34.533 [main] INFO  com.company.step_definitions.Hook - browser closed
18:57:34.841 [main] INFO  com.company.step_definitions.Hook - Launching browser chrome
18:57:39.896 [main] INFO  com.company.step_definitions.Hook - browser closed
18:59:02.096 [main] INFO  com.company.step_definitions.Hook - Launching browser chrome
18:59:07.212 [main] INFO  com.company.step_definitions.Hook - browser closed
18:59:53.353 [main] INFO  com.company.step_definitions.Hook - Launching browser chrome-headless
18:59:59.874 [main] INFO  com.company.step_definitions.Hook - browser closed
19:00:27.177 [main] INFO  com.company.step_definitions.Hook - Launching browser chrome-headless
19:00:32.147 [main] INFO  com.company.step_definitions.Hook - browser closed
19:01:25.495 [pool-1-thread-5] INFO  com.company.step_definitions.Hook - Launching browser chrome-headless
19:01:25.495 [pool-1-thread-25] INFO  com.company.step_definitions.Hook - Launching browser chrome-headless
19:01:25.495 [pool-1-thread-12] INFO  com.company.step_definitions.Hook - Launching browser chrome-headless
19:01:25.495 [pool-1-thread-13] INFO  com.company.step_definitions.Hook - Launching browser chrome-headless
19:01:25.495 [pool-1-thread-24] INFO  com.company.step_definitions.Hook - Launching browser chrome-headless
19:01:25.495 [pool-1-thread-26] INFO  com.company.step_definitions.Hook - Launching browser chrome-headless
19:01:25.495 [pool-1-thread-7] INFO  com.company.step_definitions.Hook - Launching browser chrome-headless
19:01:25.495 [pool-1-thread-17] INFO  com.company.step_definitions.Hook - Launching browser chrome-headless
19:01:25.495 [pool-1-thread-19] INFO  com.company.step_definitions.Hook - Launching browser chrome-headless
19:01:25.495 [pool-1-thread-23] INFO  com.company.step_definitions.Hook - Launching browser chrome-headless
19:01:25.495 [pool-1-thread-14] INFO  com.company.step_definitions.Hook - Launching browser chrome-headless
19:01:25.495 [pool-1-thread-11] INFO  com.company.step_definitions.Hook - Launching browser chrome-headless
19:01:26.019 [pool-1-thread-2] INFO  com.company.step_definitions.Hook - Launching browser chrome-headless
19:01:26.329 [pool-1-thread-10] INFO  com.company.step_definitions.Hook - Launching browser chrome-headless
19:01:26.531 [pool-1-thread-6] INFO  com.company.step_definitions.Hook - Launching browser chrome-headless
19:01:26.546 [pool-1-thread-1] INFO  com.company.step_definitions.Hook - Launching browser chrome-headless
19:01:26.555 [pool-1-thread-27] INFO  com.company.step_definitions.Hook - Launching browser chrome-headless
19:01:26.952 [pool-1-thread-28] INFO  com.company.step_definitions.Hook - Launching browser chrome-headless
19:01:26.975 [pool-1-thread-21] INFO  com.company.step_definitions.Hook - Launching browser chrome-headless
19:01:27.110 [pool-1-thread-20] INFO  com.company.step_definitions.Hook - Launching browser chrome-headless
19:01:27.176 [pool-1-thread-3] INFO  com.company.step_definitions.Hook - Launching browser chrome-headless
19:01:27.190 [pool-1-thread-9] INFO  com.company.step_definitions.Hook - Launching browser chrome-headless
19:01:27.213 [pool-1-thread-22] INFO  com.company.step_definitions.Hook - Launching browser chrome-headless
19:01:27.220 [pool-1-thread-18] INFO  com.company.step_definitions.Hook - Launching browser chrome-headless
19:01:27.226 [pool-1-thread-16] INFO  com.company.step_definitions.Hook - Launching browser chrome-headless
19:01:28.185 [pool-1-thread-4] INFO  com.company.step_definitions.Hook - Launching browser chrome-headless
19:01:28.303 [pool-1-thread-15] INFO  com.company.step_definitions.Hook - Launching browser chrome-headless
19:01:28.602 [pool-1-thread-8] INFO  com.company.step_definitions.Hook - Launching browser chrome-headless
19:01:32.059 [pool-1-thread-2] INFO  com.company.step_definitions.WindowsAuthentication - navigated the website
19:01:32.995 [pool-1-thread-3] INFO  com.company.step_definitions.WindowsAuthentication - navigated the website
19:01:33.529 [pool-1-thread-2] INFO  com.company.step_definitions.WindowsAuthentication - Basic auth element is displayed
19:01:42.274 [pool-1-thread-12] INFO  com.company.step_definitions.Hook - browser closed
19:01:42.315 [pool-1-thread-5] INFO  com.company.step_definitions.Hook - browser closed
19:01:42.455 [pool-1-thread-14] INFO  com.company.step_definitions.Hook - browser closed
19:01:42.627 [pool-1-thread-25] INFO  com.company.step_definitions.Hook - browser closed
19:01:42.644 [pool-1-thread-11] INFO  com.company.step_definitions.Hook - browser closed
19:01:42.786 [pool-1-thread-1] INFO  com.company.step_definitions.Hook - browser closed
19:01:42.834 [pool-1-thread-4] INFO  com.company.step_definitions.Hook - browser closed
19:01:42.834 [pool-1-thread-26] INFO  com.company.step_definitions.Hook - browser closed
19:01:42.879 [pool-1-thread-20] INFO  com.company.step_definitions.Hook - browser closed
19:01:42.909 [pool-1-thread-2] INFO  com.company.step_definitions.Hook - browser closed
19:01:42.910 [pool-1-thread-13] INFO  com.company.step_definitions.Hook - browser closed
19:01:42.956 [pool-1-thread-15] INFO  com.company.step_definitions.Hook - browser closed
19:01:43.044 [pool-1-thread-6] INFO  com.company.step_definitions.Hook - browser closed
19:01:43.083 [pool-1-thread-17] INFO  com.company.step_definitions.Hook - browser closed
19:01:43.100 [pool-1-thread-28] INFO  com.company.step_definitions.Hook - browser closed
19:01:43.146 [pool-1-thread-27] INFO  com.company.step_definitions.Hook - browser closed
19:01:43.211 [pool-1-thread-24] INFO  com.company.step_definitions.Hook - browser closed
19:01:43.242 [pool-1-thread-22] INFO  com.company.step_definitions.Hook - browser closed
19:01:43.274 [pool-1-thread-19] INFO  com.company.step_definitions.Hook - browser closed
19:01:43.336 [pool-1-thread-10] INFO  com.company.step_definitions.Hook - browser closed
19:01:43.336 [pool-1-thread-7] INFO  com.company.step_definitions.Hook - browser closed
19:01:43.464 [pool-1-thread-3] INFO  com.company.step_definitions.Hook - browser closed
19:01:44.356 [pool-1-thread-18] INFO  com.company.step_definitions.Hook - browser closed
19:01:46.124 [pool-1-thread-8] INFO  com.company.step_definitions.Hook - browser closed
19:01:46.282 [pool-1-thread-21] INFO  com.company.step_definitions.Hook - browser closed
19:01:47.324 [pool-1-thread-9] INFO  com.company.step_definitions.Hook - browser closed
19:01:47.674 [pool-1-thread-15] INFO  com.company.step_definitions.Hook - Launching browser chrome-headless
19:01:47.872 [pool-1-thread-22] INFO  com.company.step_definitions.Hook - Launching browser chrome-headless
19:01:47.879 [pool-1-thread-1] INFO  com.company.step_definitions.Hook - Launching browser chrome-headless
19:01:47.908 [pool-1-thread-20] INFO  com.company.step_definitions.Hook - Launching browser chrome-headless
19:01:49.823 [pool-1-thread-8] INFO  com.company.step_definitions.Hook - Launching browser chrome-headless
19:01:49.917 [pool-1-thread-21] INFO  com.company.step_definitions.Hook - Launching browser chrome-headless
19:01:50.531 [pool-1-thread-1] INFO  com.company.step_definitions.Hook - browser closed
19:01:50.736 [pool-1-thread-20] INFO  com.company.step_definitions.Hook - browser closed
19:01:50.832 [pool-1-thread-23] INFO  com.company.step_definitions.Hook - browser closed
19:01:51.023 [pool-1-thread-22] INFO  com.company.step_definitions.Hook - browser closed
19:01:52.129 [pool-1-thread-15] INFO  com.company.step_definitions.Hook - browser closed
19:01:54.072 [pool-1-thread-1] INFO  com.company.step_definitions.Hook - Launching browser chrome-headless
19:01:54.567 [pool-1-thread-22] INFO  com.company.step_definitions.Hook - Launching browser chrome-headless
19:01:58.057 [pool-1-thread-1] INFO  com.company.step_definitions.Hook - browser closed
19:01:58.354 [pool-1-thread-22] INFO  com.company.step_definitions.Hook - browser closed
19:01:58.600 [pool-1-thread-8] INFO  com.company.utilities.BrowserUtils - Element not displayed 
19:01:58.668 [pool-1-thread-8] INFO  com.company.utilities.BrowserUtils - Element not displayed 
19:01:59.271 [pool-1-thread-8] INFO  com.company.step_definitions.Hook - browser closed
19:01:59.729 [pool-1-thread-21] INFO  com.company.step_definitions.Hook - browser closed
19:02:01.392 [pool-1-thread-1] INFO  com.company.step_definitions.Hook - Launching browser chrome-headless
19:02:03.700 [pool-1-thread-1] INFO  com.company.step_definitions.Hook - browser closed
19:02:11.548 [pool-1-thread-16] INFO  com.company.step_definitions.Hook - browser closed
19:06:22.693 [main] INFO  com.company.step_definitions.Hook - Launching browser chrome-headless
19:06:27.996 [main] INFO  com.company.step_definitions.Hook - browser closed
19:11:52.798 [main] INFO  com.company.step_definitions.Hook - Launching browser chrome-headless
19:11:57.747 [main] INFO  com.company.step_definitions.Hook - browser closed
