02:16:18.862 [pool-1-thread-17] INFO  com.company.step_definitions.Hook - Launching browser chrome-headless
02:16:18.862 [pool-1-thread-2] INFO  com.company.step_definitions.Hook - Launching browser chrome-headless
02:16:18.862 [pool-1-thread-27] INFO  com.company.step_definitions.Hook - Launching browser chrome-headless
02:16:18.862 [pool-1-thread-20] INFO  com.company.step_definitions.Hook - Launching browser chrome-headless
02:16:18.862 [pool-1-thread-8] INFO  com.company.step_definitions.Hook - Launching browser chrome-headless
02:16:18.862 [pool-1-thread-4] INFO  com.company.step_definitions.Hook - Launching browser chrome-headless
02:16:18.862 [pool-1-thread-5] INFO  com.company.step_definitions.Hook - Launching browser chrome-headless
02:16:18.862 [pool-1-thread-16] INFO  com.company.step_definitions.Hook - Launching browser chrome-headless
02:16:18.862 [pool-1-thread-7] INFO  com.company.step_definitions.Hook - Launching browser chrome-headless
02:16:18.862 [pool-1-thread-1] INFO  com.company.step_definitions.Hook - Launching browser chrome-headless
02:16:18.862 [pool-1-thread-21] INFO  com.company.step_definitions.Hook - Launching browser chrome-headless
02:16:18.862 [pool-1-thread-14] INFO  com.company.step_definitions.Hook - Launching browser chrome-headless
02:16:18.862 [pool-1-thread-12] INFO  com.company.step_definitions.Hook - Launching browser chrome-headless
02:16:18.862 [pool-1-thread-18] INFO  com.company.step_definitions.Hook - Launching browser chrome-headless
02:16:18.862 [pool-1-thread-13] INFO  com.company.step_definitions.Hook - Launching browser chrome-headless
02:16:18.862 [pool-1-thread-22] INFO  com.company.step_definitions.Hook - Launching browser chrome-headless
02:16:18.862 [pool-1-thread-9] INFO  com.company.step_definitions.Hook - Launching browser chrome-headless
02:16:18.862 [pool-1-thread-25] INFO  com.company.step_definitions.Hook - Launching browser chrome-headless
02:16:18.862 [pool-1-thread-10] INFO  com.company.step_definitions.Hook - Launching browser chrome-headless
02:16:18.862 [pool-1-thread-24] INFO  com.company.step_definitions.Hook - Launching browser chrome-headless
02:16:18.862 [pool-1-thread-6] INFO  com.company.step_definitions.Hook - Launching browser chrome-headless
02:16:18.862 [pool-1-thread-23] INFO  com.company.step_definitions.Hook - Launching browser chrome-headless
02:16:18.862 [pool-1-thread-11] INFO  com.company.step_definitions.Hook - Launching browser chrome-headless
02:16:18.985 [pool-1-thread-19] INFO  com.company.step_definitions.Hook - Launching browser chrome-headless
02:16:19.197 [pool-1-thread-26] INFO  com.company.step_definitions.Hook - Launching browser chrome-headless
02:16:19.197 [pool-1-thread-15] INFO  com.company.step_definitions.Hook - Launching browser chrome-headless
02:16:19.703 [pool-1-thread-3] INFO  com.company.step_definitions.Hook - Launching browser chrome-headless
02:16:27.266 [pool-1-thread-3] INFO  com.company.step_definitions.WindowsAuthentication - navigated the website
02:16:28.113 [pool-1-thread-2] INFO  com.company.step_definitions.WindowsAuthentication - navigated the website
02:16:28.930 [pool-1-thread-2] INFO  com.company.step_definitions.WindowsAuthentication - Basic auth element is displayed
02:16:35.368 [pool-1-thread-24] INFO  com.company.step_definitions.Hook - browser closed
02:16:35.506 [pool-1-thread-5] INFO  com.company.step_definitions.Hook - browser closed
02:16:35.633 [pool-1-thread-25] INFO  com.company.step_definitions.Hook - browser closed
02:16:35.740 [pool-1-thread-15] INFO  com.company.step_definitions.Hook - browser closed
02:16:35.756 [pool-1-thread-4] INFO  com.company.step_definitions.Hook - browser closed
02:16:35.756 [pool-1-thread-27] INFO  com.company.step_definitions.Hook - browser closed
02:16:35.848 [pool-1-thread-7] INFO  com.company.step_definitions.Hook - browser closed
02:16:35.848 [pool-1-thread-1] INFO  com.company.step_definitions.Hook - browser closed
02:16:35.927 [pool-1-thread-12] INFO  com.company.step_definitions.Hook - browser closed
02:16:35.931 [pool-1-thread-17] INFO  com.company.step_definitions.Hook - browser closed
02:16:35.975 [pool-1-thread-2] INFO  com.company.step_definitions.Hook - browser closed
02:16:36.022 [pool-1-thread-10] INFO  com.company.step_definitions.Hook - browser closed
02:16:36.067 [pool-1-thread-3] INFO  com.company.step_definitions.Hook - browser closed
02:16:36.097 [pool-1-thread-11] INFO  com.company.step_definitions.Hook - browser closed
02:16:36.160 [pool-1-thread-13] INFO  com.company.step_definitions.Hook - browser closed
02:16:36.160 [pool-1-thread-26] INFO  com.company.step_definitions.Hook - browser closed
02:16:36.177 [pool-1-thread-18] INFO  com.company.step_definitions.Hook - browser closed
02:16:36.178 [pool-1-thread-23] INFO  com.company.step_definitions.Hook - browser closed
02:16:36.193 [pool-1-thread-21] INFO  com.company.step_definitions.Hook - browser closed
02:16:36.208 [pool-1-thread-14] INFO  com.company.step_definitions.Hook - browser closed
02:16:36.225 [pool-1-thread-6] INFO  com.company.step_definitions.Hook - browser closed
02:16:36.242 [pool-1-thread-19] INFO  com.company.step_definitions.Hook - browser closed
02:16:38.382 [pool-1-thread-8] INFO  com.company.step_definitions.Hook - browser closed
02:16:40.095 [pool-1-thread-15] INFO  com.company.step_definitions.Hook - Launching browser chrome-headless
02:16:40.164 [pool-1-thread-9] INFO  com.company.step_definitions.Hook - browser closed
02:16:40.343 [pool-1-thread-1] INFO  com.company.step_definitions.Hook - Launching browser chrome-headless
02:16:41.119 [pool-1-thread-21] INFO  com.company.step_definitions.Hook - Launching browser chrome-headless
02:16:41.142 [pool-1-thread-19] INFO  com.company.step_definitions.Hook - Launching browser chrome-headless
02:16:42.183 [pool-1-thread-8] INFO  com.company.step_definitions.Hook - Launching browser chrome-headless
02:16:43.702 [pool-1-thread-22] INFO  com.company.step_definitions.Hook - browser closed
02:16:44.745 [pool-1-thread-19] INFO  com.company.step_definitions.Hook - browser closed
02:16:44.745 [pool-1-thread-1] INFO  com.company.step_definitions.Hook - browser closed
02:16:45.278 [pool-1-thread-21] INFO  com.company.step_definitions.Hook - browser closed
02:16:47.242 [pool-1-thread-15] INFO  com.company.step_definitions.Hook - browser closed
02:16:48.053 [pool-1-thread-20] INFO  com.company.step_definitions.Hook - browser closed
02:16:48.684 [pool-1-thread-1] INFO  com.company.step_definitions.Hook - Launching browser chrome-headless
02:16:48.850 [pool-1-thread-8] INFO  com.company.utilities.BrowserUtils - Element not displayed 
02:16:48.912 [pool-1-thread-8] INFO  com.company.utilities.BrowserUtils - Element not displayed 
02:16:49.217 [pool-1-thread-21] INFO  com.company.step_definitions.Hook - Launching browser chrome-headless
02:16:49.561 [pool-1-thread-8] INFO  com.company.step_definitions.Hook - browser closed
02:16:50.907 [pool-1-thread-1] INFO  com.company.step_definitions.Hook - browser closed
02:16:51.317 [pool-1-thread-20] INFO  com.company.step_definitions.Hook - Launching browser chrome-headless
02:16:51.611 [pool-1-thread-21] INFO  com.company.step_definitions.Hook - browser closed
02:16:54.607 [pool-1-thread-1] INFO  com.company.step_definitions.Hook - Launching browser chrome-headless
02:16:57.425 [pool-1-thread-1] INFO  com.company.step_definitions.Hook - browser closed
02:17:03.592 [pool-1-thread-16] INFO  com.company.step_definitions.Hook - browser closed
02:17:03.698 [pool-1-thread-20] INFO  com.company.step_definitions.Hook - browser closed
