20:21:46.180 [pool-1-thread-4] INFO  com.company.step_definitions.Hook - chrome-headless browser launched
20:21:46.180 [pool-1-thread-12] INFO  com.company.step_definitions.Hook - chrome-headless browser launched
20:21:46.180 [pool-1-thread-21] INFO  com.company.step_definitions.Hook - chrome-headless browser launched
20:21:46.180 [pool-1-thread-6] INFO  com.company.step_definitions.Hook - chrome-headless browser launched
20:21:46.180 [pool-1-thread-15] INFO  com.company.step_definitions.Hook - chrome-headless browser launched
20:21:46.492 [pool-1-thread-22] INFO  com.company.step_definitions.Hook - chrome-headless browser launched
20:21:46.180 [pool-1-thread-14] INFO  com.company.step_definitions.Hook - chrome-headless browser launched
20:21:46.180 [pool-1-thread-3] INFO  com.company.step_definitions.Hook - chrome-headless browser launched
20:21:46.180 [pool-1-thread-2] INFO  com.company.step_definitions.Hook - chrome-headless browser launched
20:21:46.180 [pool-1-thread-18] INFO  com.company.step_definitions.Hook - chrome-headless browser launched
20:21:46.180 [pool-1-thread-7] INFO  com.company.step_definitions.Hook - chrome-headless browser launched
20:21:46.808 [pool-1-thread-10] INFO  com.company.step_definitions.Hook - chrome-headless browser launched
20:21:46.806 [pool-1-thread-23] INFO  com.company.step_definitions.Hook - chrome-headless browser launched
20:21:46.180 [pool-1-thread-9] INFO  com.company.step_definitions.Hook - chrome-headless browser launched
20:21:46.180 [pool-1-thread-24] INFO  com.company.step_definitions.Hook - chrome-headless browser launched
20:21:46.829 [pool-1-thread-8] INFO  com.company.step_definitions.Hook - chrome-headless browser launched
20:21:46.180 [pool-1-thread-16] INFO  com.company.step_definitions.Hook - chrome-headless browser launched
20:21:46.180 [pool-1-thread-17] INFO  com.company.step_definitions.Hook - chrome-headless browser launched
20:21:47.744 [pool-1-thread-13] INFO  com.company.step_definitions.Hook - chrome-headless browser launched
20:21:46.180 [pool-1-thread-20] INFO  com.company.step_definitions.Hook - chrome-headless browser launched
20:21:46.180 [pool-1-thread-5] INFO  com.company.step_definitions.Hook - chrome-headless browser launched
20:21:46.180 [pool-1-thread-1] INFO  com.company.step_definitions.Hook - chrome-headless browser launched
20:21:47.781 [pool-1-thread-19] INFO  com.company.step_definitions.Hook - chrome-headless browser launched
20:21:47.744 [pool-1-thread-11] INFO  com.company.step_definitions.Hook - chrome-headless browser launched
20:22:02.318 [pool-1-thread-2] INFO  com.company.step_definitions.WindowsAuthentication - navigated the website
20:22:17.399 [pool-1-thread-12] INFO  com.company.step_definitions.Hook - chrome-headless browser closed
20:22:25.050 [pool-1-thread-16] INFO  com.company.step_definitions.Hook - chrome-headless browser closed
20:22:30.734 [pool-1-thread-7] INFO  com.company.step_definitions.Hook - chrome-headless browser closed
20:22:32.645 [pool-1-thread-20] INFO  com.company.step_definitions.Hook - chrome-headless browser closed
20:22:34.904 [pool-1-thread-7] INFO  com.company.step_definitions.Hook - chrome-headless browser launched
20:22:37.335 [pool-1-thread-22] INFO  com.company.step_definitions.Hook - chrome-headless browser closed
20:22:42.301 [pool-1-thread-1] INFO  com.company.step_definitions.Hook - chrome-headless browser closed
20:22:42.301 [pool-1-thread-6] INFO  com.company.step_definitions.Hook - chrome-headless browser closed
20:22:43.309 [pool-1-thread-20] INFO  com.company.step_definitions.Hook - chrome-headless browser launched
20:22:44.659 [pool-1-thread-2] INFO  com.company.step_definitions.Hook - chrome-headless browser closed
20:22:44.720 [pool-1-thread-14] INFO  com.company.step_definitions.Hook - chrome-headless browser closed
20:22:44.818 [pool-1-thread-17] INFO  com.company.step_definitions.Hook - chrome-headless browser closed
20:22:44.973 [pool-1-thread-24] INFO  com.company.step_definitions.Hook - chrome-headless browser closed
20:22:45.404 [pool-1-thread-7] INFO  com.company.utilities.BrowserUtils - Element not displayed 
20:22:45.442 [pool-1-thread-1] INFO  com.company.step_definitions.Hook - chrome-headless browser launched
20:22:45.785 [pool-1-thread-7] INFO  com.company.utilities.BrowserUtils - Element not displayed 
20:22:47.848 [pool-1-thread-14] INFO  com.company.step_definitions.Hook - chrome-headless browser launched
20:22:49.413 [pool-1-thread-10] INFO  com.company.step_definitions.Hook - chrome-headless browser closed
20:22:50.134 [pool-1-thread-11] INFO  com.company.step_definitions.Hook - chrome-headless browser closed
20:22:51.112 [pool-1-thread-23] INFO  com.company.step_definitions.Hook - chrome-headless browser closed
20:22:52.256 [pool-1-thread-9] INFO  com.company.step_definitions.Hook - chrome-headless browser closed
20:22:52.321 [pool-1-thread-5] INFO  com.company.step_definitions.Hook - chrome-headless browser closed
20:22:52.575 [pool-1-thread-3] INFO  com.company.step_definitions.Hook - chrome-headless browser closed
20:22:52.610 [pool-1-thread-4] INFO  com.company.step_definitions.Hook - chrome-headless browser closed
20:22:52.632 [pool-1-thread-21] INFO  com.company.step_definitions.Hook - chrome-headless browser closed
20:22:52.730 [pool-1-thread-13] INFO  com.company.step_definitions.Hook - chrome-headless browser closed
20:22:52.733 [pool-1-thread-19] INFO  com.company.step_definitions.Hook - chrome-headless browser closed
20:22:53.611 [pool-1-thread-18] INFO  com.company.step_definitions.Hook - chrome-headless browser closed
20:22:53.619 [pool-1-thread-8] INFO  com.company.step_definitions.Hook - chrome-headless browser closed
20:22:53.841 [pool-1-thread-1] INFO  com.company.step_definitions.Hook - chrome-headless browser closed
20:22:53.934 [pool-1-thread-7] INFO  com.company.step_definitions.Hook - chrome-headless browser closed
20:22:55.349 [pool-1-thread-21] INFO  com.company.step_definitions.Hook - chrome-headless browser launched
20:22:55.383 [pool-1-thread-19] INFO  com.company.step_definitions.Hook - chrome-headless browser launched
20:22:56.874 [pool-1-thread-1] INFO  com.company.step_definitions.Hook - chrome-headless browser launched
20:23:00.621 [pool-1-thread-14] INFO  com.company.step_definitions.Hook - chrome-headless browser closed
20:23:01.473 [pool-1-thread-19] INFO  com.company.step_definitions.Hook - chrome-headless browser closed
20:23:03.296 [pool-1-thread-20] INFO  com.company.step_definitions.Hook - chrome-headless browser closed
20:23:03.879 [pool-1-thread-21] INFO  com.company.step_definitions.Hook - chrome-headless browser closed
20:23:04.590 [pool-1-thread-1] INFO  com.company.step_definitions.Hook - chrome-headless browser closed
20:23:05.865 [pool-1-thread-21] INFO  com.company.step_definitions.Hook - chrome-headless browser launched
20:23:07.008 [pool-1-thread-1] INFO  com.company.step_definitions.Hook - chrome-headless browser launched
20:23:12.246 [pool-1-thread-1] INFO  com.company.step_definitions.Hook - chrome-headless browser closed
20:23:12.279 [pool-1-thread-21] INFO  com.company.step_definitions.Hook - chrome-headless browser closed
20:23:44.508 [pool-1-thread-15] INFO  com.company.step_definitions.Hook - chrome-headless browser closed
20:33:42.681 [main] INFO  com.company.step_definitions.Hook - chrome-headless browser launched
20:33:47.076 [main] INFO  com.company.step_definitions.Hook - chrome-headless browser closed
20:33:48.284 [main] INFO  com.company.step_definitions.Hook - chrome-headless browser launched
20:33:50.252 [main] INFO  com.company.step_definitions.Hook - chrome-headless browser closed
20:33:51.489 [main] INFO  com.company.step_definitions.Hook - chrome-headless browser launched
20:33:53.659 [main] INFO  com.company.step_definitions.Hook - chrome-headless browser closed
20:33:55.663 [main] INFO  com.company.step_definitions.Hook - chrome-headless browser launched
20:33:58.117 [main] INFO  com.company.step_definitions.Hook - chrome-headless browser closed
20:33:59.388 [main] INFO  com.company.step_definitions.Hook - chrome-headless browser launched
20:34:01.017 [main] INFO  com.company.step_definitions.WindowsAuthentication - navigated the website
20:34:03.338 [main] INFO  com.company.step_definitions.Hook - chrome-headless browser closed
20:34:04.480 [main] INFO  com.company.step_definitions.Hook - chrome-headless browser launched
20:34:06.951 [main] INFO  com.company.step_definitions.Hook - chrome-headless browser closed
20:34:08.142 [main] INFO  com.company.step_definitions.Hook - chrome-headless browser launched
20:34:10.325 [main] INFO  com.company.step_definitions.Hook - chrome-headless browser closed
20:34:11.629 [main] INFO  com.company.step_definitions.Hook - chrome-headless browser launched
20:34:14.115 [main] INFO  com.company.step_definitions.Hook - chrome-headless browser closed
20:34:15.281 [main] INFO  com.company.step_definitions.Hook - chrome-headless browser launched
20:34:17.586 [main] INFO  com.company.step_definitions.Hook - chrome-headless browser closed
20:34:18.754 [main] INFO  com.company.step_definitions.Hook - chrome-headless browser launched
20:34:24.737 [main] INFO  com.company.step_definitions.Hook - chrome-headless browser closed
20:34:26.086 [main] INFO  com.company.step_definitions.Hook - chrome-headless browser launched
20:34:31.174 [main] INFO  com.company.utilities.BrowserUtils - Element not displayed 
20:34:31.221 [main] INFO  com.company.utilities.BrowserUtils - Element not displayed 
20:34:31.820 [main] INFO  com.company.step_definitions.Hook - chrome-headless browser closed
20:34:33.049 [main] INFO  com.company.step_definitions.Hook - chrome-headless browser launched
20:34:41.349 [main] INFO  com.company.step_definitions.Hook - chrome-headless browser closed
20:34:42.584 [main] INFO  com.company.step_definitions.Hook - chrome-headless browser launched
20:34:45.418 [main] INFO  com.company.step_definitions.Hook - chrome-headless browser closed
20:34:46.610 [main] INFO  com.company.step_definitions.Hook - chrome-headless browser launched
20:34:50.710 [main] INFO  com.company.step_definitions.Hook - chrome-headless browser closed
20:34:51.902 [main] INFO  com.company.step_definitions.Hook - chrome-headless browser launched
20:34:55.457 [main] INFO  com.company.step_definitions.Hook - chrome-headless browser closed
20:34:56.640 [main] INFO  com.company.step_definitions.Hook - chrome-headless browser launched
20:34:59.894 [main] INFO  com.company.step_definitions.Hook - chrome-headless browser closed
20:35:01.094 [main] INFO  com.company.step_definitions.Hook - chrome-headless browser launched
20:35:04.788 [main] INFO  com.company.step_definitions.Hook - chrome-headless browser closed
20:35:06.075 [main] INFO  com.company.step_definitions.Hook - chrome-headless browser launched
20:35:09.682 [main] INFO  com.company.step_definitions.Hook - chrome-headless browser closed
20:35:10.808 [main] INFO  com.company.step_definitions.Hook - chrome-headless browser launched
20:35:14.296 [main] INFO  com.company.step_definitions.Hook - chrome-headless browser closed
20:35:15.481 [main] INFO  com.company.step_definitions.Hook - chrome-headless browser launched
20:35:34.091 [main] INFO  com.company.step_definitions.Hook - chrome-headless browser closed
20:35:35.302 [main] INFO  com.company.step_definitions.Hook - chrome-headless browser launched
20:35:37.923 [main] INFO  com.company.step_definitions.Hook - chrome-headless browser closed
20:35:39.178 [main] INFO  com.company.step_definitions.Hook - chrome-headless browser launched
20:35:43.831 [main] INFO  com.company.step_definitions.Hook - chrome-headless browser closed
20:35:44.983 [main] INFO  com.company.step_definitions.Hook - chrome-headless browser launched
20:35:49.319 [main] INFO  com.company.step_definitions.Hook - chrome-headless browser closed
20:35:50.471 [main] INFO  com.company.step_definitions.Hook - chrome-headless browser launched
20:35:52.677 [main] INFO  com.company.step_definitions.Hook - chrome-headless browser closed
20:35:53.852 [main] INFO  com.company.step_definitions.Hook - chrome-headless browser launched
20:35:55.937 [main] INFO  com.company.step_definitions.Hook - chrome-headless browser closed
20:35:57.106 [main] INFO  com.company.step_definitions.Hook - chrome-headless browser launched
20:36:02.886 [main] INFO  com.company.step_definitions.Hook - chrome-headless browser closed
20:36:04.104 [main] INFO  com.company.step_definitions.Hook - chrome-headless browser launched
20:36:09.568 [main] INFO  com.company.step_definitions.Hook - chrome-headless browser closed
20:36:10.907 [main] INFO  com.company.step_definitions.Hook - chrome-headless browser launched
20:36:13.336 [main] INFO  com.company.step_definitions.Hook - chrome-headless browser closed
20:36:14.584 [main] INFO  com.company.step_definitions.Hook - chrome-headless browser launched
20:36:17.057 [main] INFO  com.company.step_definitions.Hook - chrome-headless browser closed
20:36:18.262 [main] INFO  com.company.step_definitions.Hook - chrome-headless browser launched
20:36:20.678 [main] INFO  com.company.step_definitions.Hook - chrome-headless browser closed
20:36:21.844 [main] INFO  com.company.step_definitions.Hook - chrome-headless browser launched
20:36:29.528 [main] INFO  com.company.step_definitions.Hook - chrome-headless browser closed
20:36:30.678 [main] INFO  com.company.step_definitions.Hook - chrome-headless browser launched
20:36:34.014 [main] INFO  com.company.step_definitions.Hook - chrome-headless browser closed
20:36:35.188 [main] INFO  com.company.step_definitions.Hook - chrome-headless browser launched
20:36:37.559 [main] INFO  com.company.step_definitions.Hook - chrome-headless browser closed
20:41:08.105 [pool-1-thread-1] INFO  com.company.step_definitions.Hook - chrome-headless browser launched
20:41:08.105 [pool-1-thread-2] INFO  com.company.step_definitions.Hook - chrome-headless browser launched
20:41:08.105 [pool-1-thread-10] INFO  com.company.step_definitions.Hook - chrome-headless browser launched
20:41:08.244 [pool-1-thread-9] INFO  com.company.step_definitions.Hook - chrome-headless browser launched
20:41:08.345 [pool-1-thread-12] INFO  com.company.step_definitions.Hook - chrome-headless browser launched
20:41:08.397 [pool-1-thread-3] INFO  com.company.step_definitions.Hook - chrome-headless browser launched
20:41:08.561 [pool-1-thread-4] INFO  com.company.step_definitions.Hook - chrome-headless browser launched
20:41:08.598 [pool-1-thread-23] INFO  com.company.step_definitions.Hook - chrome-headless browser launched
20:41:10.080 [pool-1-thread-21] INFO  com.company.step_definitions.Hook - chrome-headless browser launched
20:41:10.670 [pool-1-thread-15] INFO  com.company.step_definitions.Hook - chrome-headless browser launched
20:41:11.136 [pool-1-thread-19] INFO  com.company.step_definitions.Hook - chrome-headless browser launched
20:41:11.289 [pool-1-thread-14] INFO  com.company.step_definitions.Hook - chrome-headless browser launched
20:41:11.293 [pool-1-thread-20] INFO  com.company.step_definitions.Hook - chrome-headless browser launched
20:41:11.292 [pool-1-thread-5] INFO  com.company.step_definitions.Hook - chrome-headless browser launched
20:41:11.582 [pool-1-thread-13] INFO  com.company.step_definitions.Hook - chrome-headless browser launched
20:41:11.578 [pool-1-thread-8] INFO  com.company.step_definitions.Hook - chrome-headless browser launched
20:41:11.582 [pool-1-thread-18] INFO  com.company.step_definitions.Hook - chrome-headless browser launched
20:41:11.578 [pool-1-thread-6] INFO  com.company.step_definitions.Hook - chrome-headless browser launched
20:41:11.578 [pool-1-thread-24] INFO  com.company.step_definitions.Hook - chrome-headless browser launched
20:41:11.580 [pool-1-thread-16] INFO  com.company.step_definitions.Hook - chrome-headless browser launched
20:41:11.792 [pool-1-thread-22] INFO  com.company.step_definitions.Hook - chrome-headless browser launched
20:41:11.792 [pool-1-thread-11] INFO  com.company.step_definitions.Hook - chrome-headless browser launched
20:41:11.826 [pool-1-thread-17] INFO  com.company.step_definitions.Hook - chrome-headless browser launched
20:41:12.055 [pool-1-thread-7] INFO  com.company.step_definitions.Hook - chrome-headless browser launched
20:41:20.827 [pool-1-thread-2] INFO  com.company.step_definitions.WindowsAuthentication - navigated the website
20:41:21.869 [pool-1-thread-1] INFO  com.company.step_definitions.Hook - chrome-headless browser closed
20:41:29.442 [pool-1-thread-1] INFO  com.company.step_definitions.Hook - chrome-headless browser launched
20:41:29.992 [pool-1-thread-20] INFO  com.company.step_definitions.Hook - chrome-headless browser closed
20:41:32.728 [pool-1-thread-20] INFO  com.company.step_definitions.Hook - chrome-headless browser launched
20:41:34.681 [pool-1-thread-23] INFO  com.company.step_definitions.Hook - chrome-headless browser closed
20:41:34.725 [pool-1-thread-4] INFO  com.company.step_definitions.Hook - chrome-headless browser closed
20:41:35.009 [pool-1-thread-2] INFO  com.company.step_definitions.Hook - chrome-headless browser closed
20:41:35.017 [pool-1-thread-19] INFO  com.company.step_definitions.Hook - chrome-headless browser closed
20:41:35.037 [pool-1-thread-16] INFO  com.company.step_definitions.Hook - chrome-headless browser closed
20:41:35.687 [pool-1-thread-24] INFO  com.company.step_definitions.Hook - chrome-headless browser closed
20:41:36.782 [pool-1-thread-19] INFO  com.company.step_definitions.Hook - chrome-headless browser launched
20:41:36.969 [pool-1-thread-9] INFO  com.company.step_definitions.Hook - chrome-headless browser closed
20:41:37.851 [pool-1-thread-5] INFO  com.company.step_definitions.Hook - chrome-headless browser closed
20:41:38.516 [pool-1-thread-11] INFO  com.company.step_definitions.Hook - chrome-headless browser closed
20:41:38.566 [pool-1-thread-12] INFO  com.company.step_definitions.Hook - chrome-headless browser closed
20:41:38.689 [pool-1-thread-10] INFO  com.company.step_definitions.Hook - chrome-headless browser closed
20:41:38.829 [pool-1-thread-13] INFO  com.company.step_definitions.Hook - chrome-headless browser closed
20:41:38.957 [pool-1-thread-18] INFO  com.company.step_definitions.Hook - chrome-headless browser closed
20:41:39.197 [pool-1-thread-3] INFO  com.company.step_definitions.Hook - chrome-headless browser closed
20:41:39.432 [pool-1-thread-6] INFO  com.company.step_definitions.Hook - chrome-headless browser closed
20:41:39.514 [pool-1-thread-1] INFO  com.company.step_definitions.Hook - chrome-headless browser closed
20:41:39.684 [pool-1-thread-21] INFO  com.company.step_definitions.Hook - chrome-headless browser closed
20:41:39.814 [pool-1-thread-22] INFO  com.company.step_definitions.Hook - chrome-headless browser closed
20:41:39.860 [pool-1-thread-17] INFO  com.company.step_definitions.Hook - chrome-headless browser closed
20:41:39.874 [pool-1-thread-14] INFO  com.company.step_definitions.Hook - chrome-headless browser closed
20:41:39.956 [pool-1-thread-7] INFO  com.company.step_definitions.Hook - chrome-headless browser closed
20:41:40.852 [pool-1-thread-8] INFO  com.company.step_definitions.Hook - chrome-headless browser closed
20:41:40.903 [pool-1-thread-19] INFO  com.company.step_definitions.Hook - chrome-headless browser closed
20:41:41.567 [pool-1-thread-20] INFO  com.company.step_definitions.Hook - chrome-headless browser closed
20:41:41.640 [pool-1-thread-21] INFO  com.company.step_definitions.Hook - chrome-headless browser launched
20:41:41.674 [pool-1-thread-1] INFO  com.company.step_definitions.Hook - chrome-headless browser launched
20:41:41.877 [pool-1-thread-14] INFO  com.company.step_definitions.Hook - chrome-headless browser launched
20:41:41.912 [pool-1-thread-7] INFO  com.company.step_definitions.Hook - chrome-headless browser launched
20:41:45.739 [pool-1-thread-1] INFO  com.company.step_definitions.Hook - chrome-headless browser closed
20:41:46.023 [pool-1-thread-21] INFO  com.company.step_definitions.Hook - chrome-headless browser closed
20:41:46.998 [pool-1-thread-1] INFO  com.company.step_definitions.Hook - chrome-headless browser launched
20:41:47.336 [pool-1-thread-14] INFO  com.company.step_definitions.Hook - chrome-headless browser closed
20:41:47.384 [pool-1-thread-21] INFO  com.company.step_definitions.Hook - chrome-headless browser launched
20:41:49.039 [pool-1-thread-7] INFO  com.company.utilities.BrowserUtils - Element not displayed 
20:41:49.083 [pool-1-thread-7] INFO  com.company.utilities.BrowserUtils - Element not displayed 
20:41:49.725 [pool-1-thread-7] INFO  com.company.step_definitions.Hook - chrome-headless browser closed
20:41:49.883 [pool-1-thread-1] INFO  com.company.step_definitions.Hook - chrome-headless browser closed
20:41:50.168 [pool-1-thread-21] INFO  com.company.step_definitions.Hook - chrome-headless browser closed
20:42:00.626 [pool-1-thread-15] INFO  com.company.step_definitions.Hook - chrome-headless browser closed
21:03:58.623 [main] INFO  com.company.step_definitions.Hook - chrome-headless browser launched
21:04:03.246 [main] INFO  com.company.step_definitions.Hook - chrome-headless browser closed
21:04:04.619 [main] INFO  com.company.step_definitions.Hook - chrome-headless browser launched
21:04:07.132 [main] INFO  com.company.step_definitions.Hook - chrome-headless browser closed
21:04:08.499 [main] INFO  com.company.step_definitions.Hook - chrome-headless browser launched
21:04:10.804 [main] INFO  com.company.step_definitions.Hook - chrome-headless browser closed
21:04:12.003 [main] INFO  com.company.step_definitions.Hook - chrome-headless browser launched
21:04:14.555 [main] INFO  com.company.step_definitions.Hook - chrome-headless browser closed
21:04:15.904 [main] INFO  com.company.step_definitions.Hook - chrome-headless browser launched
21:04:17.027 [main] INFO  com.company.step_definitions.WindowsAuthentication - navigated the website
21:15:45.843 [main] INFO  com.company.step_definitions.Hook - chrome-headless browser launched
21:15:50.520 [main] INFO  com.company.step_definitions.Hook - chrome-headless browser closed
21:15:51.938 [main] INFO  com.company.step_definitions.Hook - chrome-headless browser launched
21:15:54.465 [main] INFO  com.company.step_definitions.Hook - chrome-headless browser closed
21:15:55.724 [main] INFO  com.company.step_definitions.Hook - chrome-headless browser launched
21:15:58.209 [main] INFO  com.company.step_definitions.Hook - chrome-headless browser closed
21:15:59.558 [main] INFO  com.company.step_definitions.Hook - chrome-headless browser launched
21:16:02.100 [main] INFO  com.company.step_definitions.Hook - chrome-headless browser closed
21:16:03.311 [main] INFO  com.company.step_definitions.Hook - chrome-headless browser launched
21:16:04.675 [main] INFO  com.company.step_definitions.WindowsAuthentication - navigated the website
21:16:07.161 [main] INFO  com.company.step_definitions.Hook - chrome-headless browser closed
21:16:08.437 [main] INFO  com.company.step_definitions.Hook - chrome-headless browser launched
21:16:11.067 [main] INFO  com.company.step_definitions.Hook - chrome-headless browser closed
21:16:12.388 [main] INFO  com.company.step_definitions.Hook - chrome-headless browser launched
21:16:14.849 [main] INFO  com.company.step_definitions.Hook - chrome-headless browser closed
21:16:16.104 [main] INFO  com.company.step_definitions.Hook - chrome-headless browser launched
21:16:18.928 [main] INFO  com.company.step_definitions.Hook - chrome-headless browser closed
21:16:20.216 [main] INFO  com.company.step_definitions.Hook - chrome-headless browser launched
21:16:22.934 [main] INFO  com.company.step_definitions.Hook - chrome-headless browser closed
21:16:24.199 [main] INFO  com.company.step_definitions.Hook - chrome-headless browser launched
21:16:30.052 [main] INFO  com.company.step_definitions.Hook - chrome-headless browser closed
21:16:31.272 [main] INFO  com.company.step_definitions.Hook - chrome-headless browser launched
21:16:37.261 [main] INFO  com.company.utilities.BrowserUtils - Element not displayed 
21:16:37.310 [main] INFO  com.company.utilities.BrowserUtils - Element not displayed 
21:16:37.923 [main] INFO  com.company.step_definitions.Hook - chrome-headless browser closed
21:16:39.386 [main] INFO  com.company.step_definitions.Hook - chrome-headless browser launched
21:16:48.799 [main] INFO  com.company.step_definitions.Hook - chrome-headless browser closed
21:16:50.207 [main] INFO  com.company.step_definitions.Hook - chrome-headless browser launched
21:16:53.815 [main] INFO  com.company.step_definitions.Hook - chrome-headless browser closed
21:16:55.147 [main] INFO  com.company.step_definitions.Hook - chrome-headless browser launched
21:16:59.516 [main] INFO  com.company.step_definitions.Hook - chrome-headless browser closed
21:17:01.164 [main] INFO  com.company.step_definitions.Hook - chrome-headless browser launched
21:17:05.763 [main] INFO  com.company.step_definitions.Hook - chrome-headless browser closed
21:17:07.079 [main] INFO  com.company.step_definitions.Hook - chrome-headless browser launched
21:17:09.990 [main] INFO  com.company.step_definitions.Hook - chrome-headless browser closed
21:17:11.386 [main] INFO  com.company.step_definitions.Hook - chrome-headless browser launched
21:17:15.798 [main] INFO  com.company.step_definitions.Hook - chrome-headless browser closed
21:17:17.083 [main] INFO  com.company.step_definitions.Hook - chrome-headless browser launched
21:17:21.438 [main] INFO  com.company.step_definitions.Hook - chrome-headless browser closed
21:17:22.736 [main] INFO  com.company.step_definitions.Hook - chrome-headless browser launched
21:17:26.600 [main] INFO  com.company.step_definitions.Hook - chrome-headless browser closed
21:17:27.886 [main] INFO  com.company.step_definitions.Hook - chrome-headless browser launched
21:17:54.490 [main] INFO  com.company.step_definitions.Hook - chrome-headless browser closed
