20:14:22.975 [main] INFO  com.company.step_definitions.Hook - Launching browser chrome-headless
20:14:27.848 [main] INFO  com.company.step_definitions.Hook - browser closed
20:14:31.052 [main] INFO  com.company.step_definitions.Hook - Launching browser chrome-headless
20:14:33.277 [main] INFO  com.company.step_definitions.Hook - browser closed
20:14:36.383 [main] INFO  com.company.step_definitions.Hook - Launching browser chrome-headless
20:14:38.566 [main] INFO  com.company.step_definitions.Hook - browser closed
20:17:45.208 [main] INFO  com.company.step_definitions.Hook - Launching browser chrome-headless
20:17:47.803 [main] INFO  com.company.step_definitions.Hook - browser closed
20:17:51.005 [main] INFO  com.company.step_definitions.Hook - Launching browser chrome-headless
20:17:53.262 [main] INFO  com.company.step_definitions.Hook - browser closed
20:17:56.493 [main] INFO  com.company.step_definitions.Hook - Launching browser chrome-headless
20:17:58.730 [main] INFO  com.company.step_definitions.Hook - browser closed
20:21:22.212 [main] INFO  com.company.step_definitions.Hook - Launching browser chrome-headless
20:21:24.605 [main] INFO  com.company.step_definitions.Hook - browser closed
20:21:27.720 [main] INFO  com.company.step_definitions.Hook - Launching browser chrome-headless
20:21:29.995 [main] INFO  com.company.step_definitions.Hook - browser closed
20:21:33.109 [main] INFO  com.company.step_definitions.Hook - Launching browser chrome-headless
20:21:35.357 [main] INFO  com.company.step_definitions.Hook - browser closed
20:22:13.434 [main] INFO  com.company.step_definitions.Hook - Launching browser chrome-headless
20:22:15.842 [main] INFO  com.company.step_definitions.Hook - browser closed
20:22:19.024 [main] INFO  com.company.step_definitions.Hook - Launching browser chrome-headless
20:22:21.229 [main] INFO  com.company.step_definitions.Hook - browser closed
20:22:24.381 [main] INFO  com.company.step_definitions.Hook - Launching browser chrome-headless
20:22:26.621 [main] INFO  com.company.step_definitions.Hook - browser closed
20:23:13.304 [pool-1-thread-1] INFO  com.company.step_definitions.Hook - Launching browser chrome-headless
20:23:16.401 [pool-1-thread-1] INFO  com.company.step_definitions.Hook - browser closed
20:23:19.739 [pool-1-thread-1] INFO  com.company.step_definitions.Hook - Launching browser chrome-headless
20:23:23.515 [pool-1-thread-1] INFO  com.company.step_definitions.Hook - browser closed
20:23:26.675 [pool-1-thread-1] INFO  com.company.step_definitions.Hook - Launching browser chrome-headless
20:23:29.009 [pool-1-thread-1] INFO  com.company.step_definitions.Hook - browser closed
20:24:20.062 [pool-1-thread-1] INFO  com.company.step_definitions.Hook - Launching browser chrome-headless
20:24:22.460 [pool-1-thread-1] INFO  com.company.step_definitions.Hook - browser closed
20:24:25.672 [pool-1-thread-1] INFO  com.company.step_definitions.Hook - Launching browser chrome-headless
20:24:27.927 [pool-1-thread-1] INFO  com.company.step_definitions.Hook - browser closed
20:24:31.052 [pool-1-thread-1] INFO  com.company.step_definitions.Hook - Launching browser chrome-headless
20:24:33.366 [pool-1-thread-1] INFO  com.company.step_definitions.Hook - browser closed
20:25:00.293 [pool-1-thread-8] INFO  com.company.step_definitions.Hook - Launching browser chrome-headless
20:25:00.296 [pool-1-thread-11] INFO  com.company.step_definitions.Hook - Launching browser chrome-headless
20:25:00.293 [pool-1-thread-9] INFO  com.company.step_definitions.Hook - Launching browser chrome-headless
20:25:00.292 [pool-1-thread-6] INFO  com.company.step_definitions.Hook - Launching browser chrome-headless
20:25:00.293 [pool-1-thread-27] INFO  com.company.step_definitions.Hook - Launching browser chrome-headless
20:25:00.291 [pool-1-thread-1] INFO  com.company.step_definitions.Hook - Launching browser chrome-headless
20:25:00.303 [pool-1-thread-18] INFO  com.company.step_definitions.Hook - Launching browser chrome-headless
20:25:00.293 [pool-1-thread-13] INFO  com.company.step_definitions.Hook - Launching browser chrome-headless
20:25:00.902 [pool-1-thread-16] INFO  com.company.step_definitions.Hook - Launching browser chrome-headless
20:25:01.826 [pool-1-thread-23] INFO  com.company.step_definitions.Hook - Launching browser chrome-headless
20:25:01.992 [pool-1-thread-25] INFO  com.company.step_definitions.Hook - Launching browser chrome-headless
20:25:02.758 [pool-1-thread-11] INFO  com.company.step_definitions.Hook - browser closed
20:25:03.811 [pool-1-thread-22] INFO  com.company.step_definitions.Hook - Launching browser chrome-headless
20:25:03.953 [pool-1-thread-20] INFO  com.company.step_definitions.Hook - Launching browser chrome-headless
20:25:04.000 [pool-1-thread-28] INFO  com.company.step_definitions.Hook - Launching browser chrome-headless
20:25:04.215 [pool-1-thread-14] INFO  com.company.step_definitions.Hook - Launching browser chrome-headless
20:25:04.282 [pool-1-thread-2] INFO  com.company.step_definitions.Hook - Launching browser chrome-headless
20:25:04.712 [pool-1-thread-26] INFO  com.company.step_definitions.Hook - Launching browser chrome-headless
20:25:04.713 [pool-1-thread-10] INFO  com.company.step_definitions.Hook - Launching browser chrome-headless
20:25:04.722 [pool-1-thread-21] INFO  com.company.step_definitions.Hook - Launching browser chrome-headless
20:25:04.718 [pool-1-thread-19] INFO  com.company.step_definitions.Hook - Launching browser chrome-headless
20:25:04.716 [pool-1-thread-15] INFO  com.company.step_definitions.Hook - Launching browser chrome-headless
20:25:04.731 [pool-1-thread-24] INFO  com.company.step_definitions.Hook - Launching browser chrome-headless
20:25:04.846 [pool-1-thread-12] INFO  com.company.step_definitions.Hook - Launching browser chrome-headless
20:25:04.862 [pool-1-thread-7] INFO  com.company.step_definitions.Hook - Launching browser chrome-headless
20:25:04.929 [pool-1-thread-17] INFO  com.company.step_definitions.Hook - Launching browser chrome-headless
20:25:05.098 [pool-1-thread-5] INFO  com.company.step_definitions.Hook - Launching browser chrome-headless
20:25:05.110 [pool-1-thread-4] INFO  com.company.step_definitions.Hook - Launching browser chrome-headless
20:25:05.889 [pool-1-thread-3] INFO  com.company.step_definitions.Hook - Launching browser chrome-headless
20:25:10.394 [pool-1-thread-3] INFO  com.company.step_definitions.WindowsAuthentication - navigated the website
20:25:10.951 [pool-1-thread-2] INFO  com.company.step_definitions.WindowsAuthentication - navigated the website
20:25:11.370 [pool-1-thread-2] INFO  com.company.step_definitions.WindowsAuthentication - Basic auth element is displayed
20:25:20.479 [pool-1-thread-7] INFO  com.company.step_definitions.Hook - browser closed
20:25:20.648 [pool-1-thread-15] INFO  com.company.step_definitions.Hook - browser closed
20:25:20.679 [pool-1-thread-12] INFO  com.company.step_definitions.Hook - browser closed
20:25:20.679 [pool-1-thread-14] INFO  com.company.step_definitions.Hook - browser closed
20:25:20.806 [pool-1-thread-8] INFO  com.company.step_definitions.Hook - browser closed
20:25:20.872 [pool-1-thread-26] INFO  com.company.step_definitions.Hook - browser closed
20:25:20.903 [pool-1-thread-27] INFO  com.company.step_definitions.Hook - browser closed
20:25:20.905 [pool-1-thread-3] INFO  com.company.step_definitions.Hook - browser closed
20:25:21.043 [pool-1-thread-6] INFO  com.company.step_definitions.Hook - browser closed
20:25:21.200 [pool-1-thread-24] INFO  com.company.step_definitions.Hook - browser closed
20:25:21.200 [pool-1-thread-18] INFO  com.company.step_definitions.Hook - browser closed
20:25:21.233 [pool-1-thread-22] INFO  com.company.step_definitions.Hook - browser closed
20:25:21.265 [pool-1-thread-5] INFO  com.company.step_definitions.Hook - browser closed
20:25:21.611 [pool-1-thread-25] INFO  com.company.step_definitions.Hook - browser closed
20:25:22.024 [pool-1-thread-28] INFO  com.company.step_definitions.Hook - browser closed
20:25:22.119 [pool-1-thread-13] INFO  com.company.step_definitions.Hook - browser closed
20:25:22.199 [pool-1-thread-16] INFO  com.company.step_definitions.Hook - browser closed
20:25:22.582 [pool-1-thread-1] INFO  com.company.step_definitions.Hook - browser closed
20:25:22.915 [pool-1-thread-10] INFO  com.company.step_definitions.Hook - browser closed
20:25:22.914 [pool-1-thread-20] INFO  com.company.step_definitions.Hook - browser closed
20:25:22.977 [pool-1-thread-4] INFO  com.company.step_definitions.Hook - browser closed
20:25:23.595 [pool-1-thread-2] INFO  com.company.step_definitions.Hook - browser closed
20:25:24.151 [pool-1-thread-19] INFO  com.company.step_definitions.Hook - browser closed
20:25:24.638 [pool-1-thread-17] INFO  com.company.step_definitions.Hook - browser closed
20:25:25.020 [pool-1-thread-21] INFO  com.company.step_definitions.Hook - browser closed
20:25:25.145 [pool-1-thread-9] INFO  com.company.step_definitions.Hook - browser closed
20:25:25.482 [pool-1-thread-8] INFO  com.company.step_definitions.Hook - Launching browser chrome-headless
20:25:25.797 [pool-1-thread-22] INFO  com.company.step_definitions.Hook - Launching browser chrome-headless
20:25:26.810 [pool-1-thread-16] INFO  com.company.step_definitions.Hook - Launching browser chrome-headless
20:25:26.974 [pool-1-thread-1] INFO  com.company.step_definitions.Hook - Launching browser chrome-headless
20:25:27.555 [pool-1-thread-20] INFO  com.company.step_definitions.Hook - Launching browser chrome-headless
20:25:29.063 [pool-1-thread-21] INFO  com.company.step_definitions.Hook - Launching browser chrome-headless
20:25:31.376 [pool-1-thread-1] INFO  com.company.step_definitions.Hook - browser closed
20:25:31.514 [pool-1-thread-22] INFO  com.company.step_definitions.Hook - browser closed
20:25:31.674 [pool-1-thread-20] INFO  com.company.step_definitions.Hook - browser closed
20:25:32.200 [pool-1-thread-23] INFO  com.company.step_definitions.Hook - browser closed
20:25:33.209 [pool-1-thread-16] INFO  com.company.step_definitions.Hook - browser closed
20:25:34.305 [pool-1-thread-8] INFO  com.company.utilities.BrowserUtils - Element not displayed 
20:25:34.351 [pool-1-thread-8] INFO  com.company.utilities.BrowserUtils - Element not displayed 
20:25:34.728 [pool-1-thread-1] INFO  com.company.step_definitions.Hook - Launching browser chrome-headless
20:25:34.904 [pool-1-thread-22] INFO  com.company.step_definitions.Hook - Launching browser chrome-headless
20:25:34.922 [pool-1-thread-8] INFO  com.company.step_definitions.Hook - browser closed
20:25:35.190 [pool-1-thread-20] INFO  com.company.step_definitions.Hook - Launching browser chrome-headless
20:25:38.837 [pool-1-thread-1] INFO  com.company.step_definitions.Hook - browser closed
20:25:39.645 [pool-1-thread-22] INFO  com.company.step_definitions.Hook - browser closed
20:25:39.756 [pool-1-thread-20] INFO  com.company.step_definitions.Hook - browser closed
20:25:41.260 [pool-1-thread-21] INFO  com.company.step_definitions.Hook - browser closed
20:25:42.151 [pool-1-thread-1] INFO  com.company.step_definitions.Hook - Launching browser chrome-headless
20:25:45.513 [pool-1-thread-1] INFO  com.company.step_definitions.Hook - browser closed
20:36:31.308 [main] INFO  com.company.step_definitions.Hook - Launching browser chrome-headless
20:36:36.430 [main] INFO  com.company.step_definitions.Hook - browser closed
