18:01:38.663 [main] INFO  com.company.utilities.DriverUtil - Chrome-headless browser launched
18:01:43.302 [main] INFO  com.company.utilities.DriverUtil - Browser closed
18:04:14.457 [main] INFO  com.company.utilities.DriverUtil - Chrome-headless browser launched
18:04:17.009 [main] INFO  com.company.utilities.DriverUtil - Browser closed
18:18:24.253 [main] INFO  com.company.utilities.DriverUtil - Chrome-headless browser launched
18:18:29.846 [main] INFO  com.company.utilities.DriverUtil - Browser closed
18:26:17.204 [main] INFO  com.company.utilities.DriverUtil - Chrome-headless browser launched
18:26:21.063 [main] INFO  com.company.utilities.DriverUtil - Browser closed
18:31:31.521 [main] INFO  com.company.utilities.DriverUtil - Chrome-headless browser launched
18:31:35.696 [main] INFO  com.company.utilities.DriverUtil - Browser closed
18:33:23.335 [main] INFO  com.company.utilities.DriverUtil - Chrome-headless browser launched
18:33:29.978 [main] INFO  com.company.utilities.DriverUtil - Browser closed
18:36:52.567 [main] INFO  com.company.utilities.DriverUtil - Chrome-headless browser launched
18:36:58.619 [main] INFO  com.company.utilities.DriverUtil - Browser closed
18:44:13.291 [main] INFO  com.company.utilities.DriverUtil - Chrome-headless browser launched
18:44:19.803 [main] INFO  com.company.utilities.DriverUtil - Browser closed
18:51:56.549 [main] INFO  com.company.utilities.DriverUtil - Chrome-headless browser launched
18:52:05.051 [main] INFO  com.company.utilities.DriverUtil - Browser closed
22:47:22.121 [main] INFO  com.company.utilities.DriverUtil - Chrome-headless browser launched
22:47:22.121 [main] INFO  com.company.step_definitions.Hook - chrome-headless browser launched
22:47:30.903 [main] INFO  com.company.utilities.DriverUtil - Browser closed
22:47:30.903 [main] INFO  com.company.step_definitions.Hook - browser closed
22:48:25.534 [pool-1-thread-1] INFO  com.company.utilities.DriverUtil - Chrome-headless browser launched
22:48:25.549 [pool-1-thread-1] INFO  com.company.step_definitions.Hook - chrome-headless browser launched
22:48:31.749 [pool-1-thread-1] INFO  com.company.utilities.DriverUtil - Browser closed
22:48:31.749 [pool-1-thread-1] INFO  com.company.step_definitions.Hook - browser closed
22:54:13.773 [main] INFO  com.company.step_definitions.Hook - chrome-headless browser launched
22:54:16.650 [main] INFO  com.company.step_definitions.Hook - chrome-headless browser closed
22:54:19.777 [main] INFO  com.company.step_definitions.Hook - chrome-headless browser launched
22:54:23.852 [main] INFO  com.company.step_definitions.Hook - chrome-headless browser closed
22:54:27.008 [main] INFO  com.company.step_definitions.Hook - chrome-headless browser launched
22:54:29.904 [main] INFO  com.company.step_definitions.Hook - chrome-headless browser closed
22:54:33.061 [main] INFO  com.company.step_definitions.Hook - chrome-headless browser launched
22:54:37.609 [main] INFO  com.company.step_definitions.Hook - chrome-headless browser closed
